_chan01
_chan02
_chan03
_chan04
_chan05
_chan06
_chan07
_clck09
_clck10
_clck11
_clck12
_clck13
_clck14
_clck15
_clck16
_clck17
_clck18
_clck19
_ichan01
_ichan04
_ileat04
_iplat01
_ishld02
_ishld03
_juschan
_leat01
_leat02
_leat03
_leat04
_leat05
_leat06
_leat07
_leat08
_leat09
_leat10
_misc99
_plat01
_plat02
_plat04
_plat05
_plat06
_plat07
_plat08
_plat98
_plat99
_shld01
_shld02
_shld03
_shld04
_shld05
_shld06
_shld07
_shld08
_shld09
_shld10
_shld11
_shld12
_shld13
_shld14
_shld15
_shld16
_shld18
_shld19
_shld20
_shld99
60chancd
a!bchan1
a!bleat1
a!bleat2
a!brsb
a!brtr
aaitm106
aaitm107
aaitm108
aaitm109
aaitm118
aaitm122
aaitm127
aaitm136
aaitm137
aaitm143
aaitm150
aaitm164
aaitm174
aaitm178
aashrarm
accshld
adred
ae002
agclck02
agshld01
agshld02
ar#r4
ar#r6
ararmor
ardeadx
ardeadx
argent
armpen
armpen
avest
b!jaslet
b!livry
b#robe01
b#robe02
b#robe03
band01
band02
band03
band04
bdchan01
bdchan02
bdchan03
bdchan04
bdchan05
bdchan06
bdchanca
bdleat01
bdleat02
bdleat03
bdleat04
bdleat05
bdleat06
bdleat07
bdleat08
bdmisc10
bdplat01
bdplat03
bdplat04
bdplatca
bdrobe01
bdrobe02
bdrobe03
bdrobe04
bdrobe05
bdshld01
bdshld02
bdshld03
bdshld04
bdshld05
bdshld06
bdshld07
bdshld08
bdshldca
beetshld
bg1aja
bgsx07
bgsx10
bgsx11
bgsx13
bgsx14
bgsx15
bgsx16
blacplat
blckpla
blckshd
bleat01
bleat02
bleat03
blood
bod_gp
bod_pq
bruenpla
bruensh
brueplt1
brueshld
bsingchn
buck01
buck02
buck03
buck04
buck05
buck06
bw05cm1
bw05juar
bw05pl1
bw05rob1
bw05rob2
c!gplate
c#ajshl2
c#ajshl3
c#ajshld
c02plat
c0sleat
c0srobe
c2anom01
c2chan01
c2hide01
c2keld01
c2leat01
c2plat01
c2robe01
c2robe02
c2robe03
c2shld01
c2shld02
c2valy01
callar
cb351g03
cbbdarmr
cbbnlch8
cbchanp4
cbcl005
cbcl013
cbcl020
cbcl027
cbcl032
cbcl033
cbcl037
cbcl038
cbcl058
cblarsob
cblyplat
cblyshld
cbmhshld
cbmilt01
cbmilt03
cbmilt11
cbmilt13
cbmilt21
cbmtchan
cbparsob
cbpdofcm
cbplat13
cbrjr015
cbrjr017
cbrolfsh
cbsbmltk
cbsbmltr
cbsbmlts
cbsbmltt
cbsbmltu
cbsbmltv
cbsbmltw
cbsbmltx
cbsbmlty
cbshldwk
cbshsoub
cbtempus
cbtsch01
cbtspt01
cbtssd01
cbtsst01
cbttool1
cbuhgvar
cbuhgvct
cbwtni3a
cbwtni5a
cbxtgcdd
cbxtjeaa
cbxtshdd
cdechain
cdharmor
cdmyst
cdscale
cdstout
celebros
chainbm
chalarm
chalshld
chan01
chan01b
chan02
chan02b
chan03
chan03b
chan04
chan04b
chan05
chan06
chan07
chan08
chan09
chan10
chan11
chan12
chan12zz
chan13
chan14
chan15
chan16
chan17
chan18
chan19
chan20
chan21
chan60
chan6xx
chan99
chancm01
chancm02
chandrw
chands01
chands05
chands06
chands08
chands09
chane1
chane2
chanethe
changr01
changr02
changr03
chastity
cispgrd
cispgrd2
cispgrd3
clck09
clck10
clck11
clck12
clck13
clck14
clck15
clck16
clck17
clck18
clck19
clck29
clckk1
clckk2
clckst1
clckst2
clckst3
clolth
cmarq01
cmarq02
cmarq03
cmarq04
cmarq05
cmarq06
cmarq07
cmarq08
cmarq09
cmarq10
cmarq11
cmarq12
cmchan01
cmchan02
cmchan03
cmchan04
cmchan05
cmchan07
cmclck04
cmclck05
cmclck07
cmgcha01
cmgcl01
cmgcl02
cmgcl03
cmgforg3
cmgforg7
cmgforg8
cmleat1
cmleat2
cmleat3
cmleat4
cmleat5
cmleat6
cmnikrl1
cmplat03
cmplat04
cmplat05
cmplat07
cmplat10
cmplat11
cmshld01
cmshld03
cmshld04
cmshld05
cmshq01
cmshq02
cmtlea01
cmtuch01
cmtuch02
cmtucl01
cmtucl02
cmtule01
cmtule02
cmtule03
cmtupl01
cmtupl02
cmtusd01
coma04
coma05
coma06
coma07
coma11
coms01
coms02
cota
cushld01
cushld03
cvmidshi
cvoldsh
cvshar20
cyleat
d0leat08
d0t#leat
d1chan01
d1clck02
d1leat01
d1plat01
d1refshd
d1shld01
d1shld02
d1shld03
d2#armo1
d2#armo2
d2#armo3
d2#armo4
d2#armo5
d2#armo6
d2#armo7
d2#armo8
d2#run03
d2#run07
d2#run08
d2#run10
d2#run12
d2#run15
d2#run18
d2#set02
d2#set06
d2#shie1
d2#shie2
d2#shie3
d2#shie4
darchain
darshld
ddhrtles
deitm053
deitm086
deitm087
deitm088
deitm089
deitm090
deitm096
deitm115
deitm119
deitm120
deitm121
deitm122
depo1
depo10
depo103
depo104
depo107
depo134
depo135
depo137
depo143
depo144
depo145
depo149
depo154
depo155
depo156
depo163
depo164
depo165
depo166
depo170
depo173
depo177
depo193
depo195
depo201
depo202
depo203
depo207
depo209
depo21
depo212
depo215
depo216
depo217
depo218
depo219
depo22
depo221
depo222
depo224
depo23
depo24
depo28
depo29
depo30
depo33
depo35
depo37
depo42
depo43
depo46
depo51
depo53
depo54
depo56
depo60
depo62
depo64
depo69
depo7
depo70
depo71
depo72
depo73
depo75
depo83
depo85
depo86
depo87
depo88
depo91
depo92
depo93
depo94
dgi001
dgi002
dgi003
dgi012
dgi016
dleat10
dntshd1
dntshd2
dplate
dragarm
drowchn1
drowchn2
drowchn3
drowplt1
drowplt2
drowplt3
drowshd1
drowshd2
drowshd3
dschan01
dschan02
dschan03
dschan04
dscoarm
dscryarm
dscuarm
dscushld
dsebplat
dsfearm
dshld01
dsjearm
dsjeshld
dskearm
dskorim
dsleat01
dsleat02
dsrobe02
dsrobe03
dsrobe04
dsrobe05
dsrobe06
dsrobe07
dsrobe08
dsrobeso
dsshld01
dsshld02
dsshld51
dsshld52
dsshld53
dsshld54
dsskrobe
dsthleat
dsthrarm
dswrkarm
durobe
dustrobe
dvplat
dw#abyda
dwchan01
dwchan02
dwplat01
dwshld01
e_nparm
e_robmys
ebonplt
echan01
echan02
efml01
elemplat
elemshld
elfchan
elfmail
elrobe
elvarmx
enterisa
esliarm0
esliarm1
esliarm2
esliarm3
esliarm4
eslimis3
eslish0
esxcha
etbitm6
f_aleat
f_bruepl
f_drgpla
f_empty
f_jarlpl
f_mithch
f_opalpl
fanrobe
fireshld
flamplat
flat01
flat02
flat03
flat04
freshl
frostar
frozplat
frozshld
fwchan01
fwchan02
fwchan03
fwchan04
fwclck05
fwclck08
fwleat01
fwleat02
fwleat03
fwleat04
fwleat05
fwleat06
fwplat01
fwplat02
fwplat03
fwplat04
fwshld01
g#leat01
g#tfamr2
g#tfarmr
gcmch01
gcmpl01
gcmsh01
gcmsh02
glory
glowchan
gnwml
guardshz
guarp
haene06
hanarm01
haymail
healclck
hgwra02
holyplat
holyshld
i1ch001
i1ch002
i1ck001
i1lt001
i1lt002
i1pl001
i1sh001
iceplat
ichan01
ichan04
iibwlsh1
ileat04
illas04
imofurc
iplat01
iplat05
ishcha
ishld02
ishld03
isnfxx3
isnfxy7
iswarm
izobu
j#indi01
j#spli06
ja#plat1
ja#plat2
jadplat
jer_br
jer_fs
jera
jers
juschan
k0barrel
kaychai
kimchain
king
kinplat
kiyoarm1
kiyoarm2
kiyoarm3
kiyowed1
kkchain
korim
kovaarm1
kovaarm2
kovaarm5
kovawed1
kreeplat
l#farm
l#fcha
l#nddre
l#ndrob
ld#rob
leat01
leat01a
leat01b
leat01c
leat01d
leat01e
leat02
leat03
leat04
leat05
leat06
leat07
leat07_
leat08
leat08a
leat09
leat10
leat11
leat12
leat13
leat14
leat15
leat16
leat17
leat18
leat19
leat20
leat21
leat22
leat23
leat24
leat25
leat25
leat99
leata7
leatbal
leatbar
leatcm01
leatcm02
leatds01
leatds02
leatds03
leatds05
leatgr01
leatgr02
leatgr03
leatgr04
leatgr05
leatraid
leatveng
lk#amb
lk#irobe
lk#xarm
lotharmo
lotharmo
lyre
m#asleat
m#asleat
m#buck2
m#wrobe1
m#wrobe2
m#yrobe
machan01
maclck01
macloc01
macmle01
macmle02
maforg07
maillif
mantlecs
mapla001
maplat02
mashld01
mau006
maue05
mclck01
mdsiplat
mgileat1
mgiplat1
mgishld1
mgishld2
mgmthrl
mgvleat1
mgvplat1
mgvrobe1
mgvshld1
mgvshld2
mho_clk1
minbalpl
minplatx
misc02
misc57
misc58
misc99
miscdrw3
mitharmr
mmplat
mourner
mplat01
mwararm
mystery
mystery
myth003
myth004
myth006
namji
newchde
newchhe
newfp01
newfp02
newfp03
newgar
newle01
newle02
newle03
newpl01
newpl02
newpl03
newro01
newro02
newro03
newshp1
newshpo
newsl01
newsl02
newsm01
newss01
newss02
newss03
nparm
npchan
npplat
npshld
nsshld01
nsshld02
ntchan03
ntchan04
ntchan05
ntchan06
ntleat01
ntleat02
ntleat03
ntleat04
ntleat05
ntplat01
ntrobe01
ntrobe02
ntshld01
ntshld02
ntshld03
nymshld
o!bom001
o!bom002
o!bom003
o!bom004
o!bom005
o!bom006
o!bom007
o!bom008
o!bom009
o!bom011
o!bom012
o!bom027
o!tali08
o#dcclck
o#llch1
ogi
ogien
ohbdrag1
ohbnoshu
ohbshld1
ohchan50
ohdarmor
ohfullp
ohleat50
ohleat51
ohleat52
ohleat53
ohnrobe1
ohnrobe2
ohnrobe3
ohnshld1
ohplat50
ohshld50
ohshld51
ornatef
orrshld
palplat
pchan
plat01
plat02
plat04
plat05
plat05xx
plat06
plat06_
plat07
plat08
plat09
plat10
plat11
plat12
plat13
plat14
plat15
plat16
plat17
plat18
plat19
plat20
plat21
plat22
plat23
plat24
plat74
plat97
plat98
plat99
platblk
platblue
platcm01
platcm02
platcm03
platcm04
platds01
platds03
platds04
platds05
platgr01
platgr02
platj4
platnd
platraid
platred
platsar
platwy
presrob
psabju
psalte
psdivi
pshelm
psillu
pslothan
psmade22
psmade23
psmade24
psmade25
psmade26
psmade27
psmade28
psmade29
psmade30
psmade31
psq117
psq58
psq59
psq60
psq61
psq62
psq63
psq64
psq65
psq66
psrobe01
psrobe02
psrobe03
psrobe04
psrobe05
psrobe06
psshld01
pstalos
r!kitplt
r!kitshd
r#aspchn
r#asshld
r#plat
r#robe1
r#robe2
r#runed
r#swan
raidplat
rbchan01
rbclck01
rbleat01
rbplat01
rbplat02
rbplat03
rbplat04
rbshld2
revenan
rh#mail
ritdrag
robe1
robe2
robeang
robearm
roboflo
rodlunar
rr#abih
rr#buc01
rr#buc02
rr#buc03
rr#buc04
rr#buc11
rr#chn01
rr#guara
rr#guarb
rr#guarc
rr#lyre
rr#rwar2
rr#rward
rr#shl01
rr#shl02
rtt007
rtt008
rtt020
rtt029
rtt030
rtvelro
runeplat
s!chan01
s!chan02
s!leat01
s!leat02
s!leat03
s!plat01
s!plat02
s!plat03
s!shld01
s!shld02
s!shld03
s#chan01
s#leat01
s#plat02
s#shld01
samarmx1
sanarmb
sanarmm
scal01
scal02
scal03
scal04
sd_vs
sdim526
secret05
sgchan06
sgchan1
sgchan2
sgchan3
sgleat1
sgleat2
sgleat3
sgleat4
sgplat1
sgplat2
sgrobe1
sgshld1
sgsplt1
sgsplt2
sgsplt3
shar20
shararm
shark
shark2
shark3
shaumai
shghost
shld01
shld01a
shld01p
shld02
shld02a
shld02p
shld03
shld03a
shld03p
shld04
shld04a
shld04p
shld05
shld05a
shld05p
shld06
shld06a
shld06p
shld07
shld07a
shld07p
shld08
shld08a
shld08p
shld09
shld09a
shld09p
shld10
shld10a
shld10b
shld10c
shld10d
shld10e
shld11
shld11a
shld12
shld12a
shld12b
shld12c
shld12d
shld12e
shld13
shld13a
shld13b
shld13c
shld13d
shld13e
shld14
shld14a
shld15
shld15a
shld15b
shld15c
shld15d
shld15e
shld16
shld16a
shld17
shld17a
shld18
shld19
shld19a
shld20
shld21
shld22
shld23
shld23a
shld24
shld24a
shld25
shld26
shld26a
shld27
shld27a
shld28
shld28a
shld29
shld29a
shld30
shld30a
shld31
shld31a
shld32
shld33
shld51
shld52
shld53
shld54
shld99
shldbch
shldds01
shldgraz
shldoth
shldraid
shldred
shldxz
shplate
shrobe
shshld
sileat
skelshld
slayer01
slayer1
slayer3
soaitm01
soaitm02
soaitm09
soaitm24
soaitm25
soularm2
soularm3
soularmr
sshldmag
starshld
stout
swanarm
tamchain
thclck02
trollarm
ttleat
ttshld01
tulrobe
tzchan01
tzchan02
tzplat01
tzshld01
u#chan01
u#chan07
u#hfheah
u#leat01
u#leat02
u#plat01
u#plat02
u#robe01
u#shld01
ucmgch01
ucmgch02
ucmgle01
ucmgpl01
ucmgsh01
ucmgsh02
uhlkp
ultimar
umhulk
urobe1a
ushld2a
ushld2b
ushld3a
ushld3b
ushld4a
usltr01
usltr2a
usltr3a
usltr4a
usltr5a
vermin
vexbad
vexdl
vexed
vexed2
vexed3
vhailor
vicarm
vischan1
vischan2
visclck1
visclck2
visclck3
visclck4
visclck5
visleat1
visleat2
visplat1
visplat2
wa2plat
wa2robe
wa2shiel
warlkarm
watcher
waukeen
wlfleat
wm_bear
wqxle1
wqxle2
wqxro1
wqxsh1
wulfhide
wzrdclck
x#ajsbg1
x#ajshld
x#fai3
x#fai4
x#fash01
x#garch
x#garch2
xarm001
xarm002
xarm003
xarm004
xarm005
xarm006
xchan03
xleat03
xrob001
xrob002
xrob003
xrob004
xrob005
xzarclck
yssfrb
yxy1
zerth
zilfgt
zombskin
zychann1
